╔═══════════════════════════════════════════════════════════╗
║  JOB A: Comprehensive Benchmark Sizes 50-400             ║
║  OpenMP: 8 sizes × adaptive threads × 5 runs each        ║
╚═══════════════════════════════════════════════════════════╝

Starting benchmarks...

╔═══════════════════════════════════════════════════════════╗
║  COMPREHENSIVE BENCHMARK JOB A: Sizes 50-400             ║
║  OpenMP: Full thread scaling + 5 runs per config         ║
╚═══════════════════════════════════════════════════════════╝

System: 16 available cores
Testing: 8 sizes × 5 thread counts × 5 runs = 200 total benchmark runs

Size 50×50:
  Size   50 | Threads  1 |     0.00ms |  470.81 GF
  Size   50 | Threads  2 |     0.00ms |  316.46 GF
  Size   50 | Threads  4 |     0.00ms |  122.13 GF
  Size   50 | Threads  8 |     0.00ms |  146.71 GF
  Size   50 | Threads 16 |     0.00ms |  125.31 GF
Size 100×100:
  Size  100 | Threads  1 |     0.00ms | 4716.98 GF
  Size  100 | Threads  2 |     0.00ms | 2257.34 GF
  Size  100 | Threads  4 |     0.00ms | 1745.20 GF
  Size  100 | Threads  8 |     0.00ms | 1000.50 GF
  Size  100 | Threads 16 |     0.00ms | 1037.88 GF
Size 150×150:
  Size  150 | Threads  1 |     0.00ms | 16109.79 GF
  Size  150 | Threads  2 |     0.00ms | 9060.40 GF
  Size  150 | Threads  4 |     0.00ms | 3605.77 GF
  Size  150 | Threads  8 |     0.00ms | 3130.80 GF
  Size  150 | Threads 16 |     0.00ms | 3433.37 GF
Size 200×200:
  Size  200 | Threads  1 |     0.00ms | 39312.04 GF
  Size  200 | Threads  2 |     0.00ms | 19656.02 GF
  Size  200 | Threads  4 |     0.00ms | 10403.12 GF
  Size  200 | Threads  8 |     0.00ms | 9768.01 GF
  Size  200 | Threads 16 |     0.00ms | 8209.34 GF
Size 250×250:
  Size  250 | Threads  1 |     0.00ms | 75120.19 GF
  Size  250 | Threads  2 |     0.00ms | 41335.98 GF
  Size  250 | Threads  4 |     0.00ms | 16225.34 GF
  Size  250 | Threads  8 |     0.00ms | 13423.54 GF
  Size  250 | Threads 16 |     0.00ms | 16666.67 GF
Size 300×300:
  Size  300 | Threads  1 |     0.00ms | 117136.66 GF
  Size  300 | Threads  2 |     0.00ms | 37241.38 GF
  Size  300 | Threads  4 |     0.00ms | 45723.96 GF
  Size  300 | Threads  8 |     0.00ms | 23116.44 GF
  Size  300 | Threads 16 |     0.00ms | 29157.67 GF
Size 350×350:
  Size  350 | Threads  1 |     0.00ms | 184012.88 GF
  Size  350 | Threads  2 |     0.00ms | 105603.45 GF
  Size  350 | Threads  4 |     0.00ms | 86008.02 GF
  Size  350 | Threads  8 |     0.00ms | 38836.05 GF
  Size  350 | Threads 16 |     0.00ms | 48093.10 GF
Size 400×400:
  Size  400 | Threads  1 |     0.00ms | 285714.29 GF
  Size  400 | Threads  2 |     0.00ms | 154963.68 GF
  Size  400 | Threads  4 |     0.00ms | 104918.03 GF
  Size  400 | Threads  8 |     0.00ms | 69339.11 GF
  Size  400 | Threads 16 |     0.00ms | 67121.13 GF

✓ Results saved: comprehensive_results_50_400.csv
✓ Completed 40 OpenMP measurements

-rw-r--r-- 1 gsavary gsavary 1.7K May  6 16:43 comprehensive_results_50_400.csv
✓ Job A complete!
